<?xml version="1.0" encoding="UTF-8"?>
<testsuite xmlns:xsi="http://www.w3.org/2001/XMLSchema-instance" xsi:noNamespaceSchemaLocation="https://maven.apache.org/surefire/maven-surefire-plugin/xsd/surefire-test-report.xsd" name="com.chinameyer.visitor.VisitorApplicationTests" time="8.309" tests="1" errors="0" skipped="0" failures="0">
  <properties>
    <property name="sun.desktop" value="windows"/>
    <property name="awt.toolkit" value="sun.awt.windows.WToolkit"/>
    <property name="file.encoding.pkg" value="sun.io"/>
    <property name="java.specification.version" value="1.8"/>
    <property name="sun.cpu.isalist" value="amd64"/>
    <property name="sun.jnu.encoding" value="GBK"/>
    <property name="java.class.path" value="G:\SVN\VisitorSys\target\test-classes;G:\SVN\VisitorSys\target\classes;D:\repository-ye\org\springframework\boot\spring-boot-starter-data-redis\2.1.7.RELEASE\spring-boot-starter-data-redis-2.1.7.RELEASE.jar;D:\repository-ye\org\springframework\boot\spring-boot-starter\2.1.7.RELEASE\spring-boot-starter-2.1.7.RELEASE.jar;D:\repository-ye\org\springframework\boot\spring-boot-starter-logging\2.1.7.RELEASE\spring-boot-starter-logging-2.1.7.RELEASE.jar;D:\repository-ye\ch\qos\logback\logback-classic\1.2.3\logback-classic-1.2.3.jar;D:\repository-ye\ch\qos\logback\logback-core\1.2.3\logback-core-1.2.3.jar;D:\repository-ye\org\apache\logging\log4j\log4j-to-slf4j\2.11.2\log4j-to-slf4j-2.11.2.jar;D:\repository-ye\org\apache\logging\log4j\log4j-api\2.11.2\log4j-api-2.11.2.jar;D:\repository-ye\org\slf4j\jul-to-slf4j\1.7.26\jul-to-slf4j-1.7.26.jar;D:\repository-ye\javax\annotation\javax.annotation-api\1.3.2\javax.annotation-api-1.3.2.jar;D:\repository-ye\org\yaml\snakeyaml\1.23\snakeyaml-1.23.jar;D:\repository-ye\org\springframework\data\spring-data-redis\2.1.10.RELEASE\spring-data-redis-2.1.10.RELEASE.jar;D:\repository-ye\org\springframework\data\spring-data-keyvalue\2.1.10.RELEASE\spring-data-keyvalue-2.1.10.RELEASE.jar;D:\repository-ye\org\springframework\data\spring-data-commons\2.1.10.RELEASE\spring-data-commons-2.1.10.RELEASE.jar;D:\repository-ye\org\springframework\spring-tx\5.1.9.RELEASE\spring-tx-5.1.9.RELEASE.jar;D:\repository-ye\org\springframework\spring-oxm\5.1.9.RELEASE\spring-oxm-5.1.9.RELEASE.jar;D:\repository-ye\org\springframework\spring-context-support\5.1.9.RELEASE\spring-context-support-5.1.9.RELEASE.jar;D:\repository-ye\org\slf4j\slf4j-api\1.7.26\slf4j-api-1.7.26.jar;D:\repository-ye\io\lettuce\lettuce-core\5.1.8.RELEASE\lettuce-core-5.1.8.RELEASE.jar;D:\repository-ye\io\netty\netty-common\4.1.38.Final\netty-common-4.1.38.Final.jar;D:\repository-ye\io\netty\netty-handler\4.1.38.Final\netty-handler-4.1.38.Final.jar;D:\repository-ye\io\netty\netty-buffer\4.1.38.Final\netty-buffer-4.1.38.Final.jar;D:\repository-ye\io\netty\netty-codec\4.1.38.Final\netty-codec-4.1.38.Final.jar;D:\repository-ye\io\netty\netty-transport\4.1.38.Final\netty-transport-4.1.38.Final.jar;D:\repository-ye\io\netty\netty-resolver\4.1.38.Final\netty-resolver-4.1.38.Final.jar;D:\repository-ye\io\projectreactor\reactor-core\3.2.11.RELEASE\reactor-core-3.2.11.RELEASE.jar;D:\repository-ye\org\reactivestreams\reactive-streams\1.0.2\reactive-streams-1.0.2.jar;D:\repository-ye\org\springframework\boot\spring-boot-starter-thymeleaf\2.1.7.RELEASE\spring-boot-starter-thymeleaf-2.1.7.RELEASE.jar;D:\repository-ye\org\thymeleaf\thymeleaf-spring5\3.0.11.RELEASE\thymeleaf-spring5-3.0.11.RELEASE.jar;D:\repository-ye\org\thymeleaf\thymeleaf\3.0.11.RELEASE\thymeleaf-3.0.11.RELEASE.jar;D:\repository-ye\org\attoparser\attoparser\2.0.5.RELEASE\attoparser-2.0.5.RELEASE.jar;D:\repository-ye\org\unbescape\unbescape\1.1.6.RELEASE\unbescape-1.1.6.RELEASE.jar;D:\repository-ye\org\thymeleaf\extras\thymeleaf-extras-java8time\3.0.4.RELEASE\thymeleaf-extras-java8time-3.0.4.RELEASE.jar;D:\repository-ye\junit\junit\4.12\junit-4.12.jar;D:\repository-ye\org\hamcrest\hamcrest-core\1.3\hamcrest-core-1.3.jar;D:\repository-ye\org\springframework\boot\spring-boot-starter-security\2.1.7.RELEASE\spring-boot-starter-security-2.1.7.RELEASE.jar;D:\repository-ye\org\springframework\spring-aop\5.1.9.RELEASE\spring-aop-5.1.9.RELEASE.jar;D:\repository-ye\org\springframework\spring-beans\5.1.9.RELEASE\spring-beans-5.1.9.RELEASE.jar;D:\repository-ye\org\springframework\security\spring-security-config\5.1.6.RELEASE\spring-security-config-5.1.6.RELEASE.jar;D:\repository-ye\org\springframework\spring-context\5.1.9.RELEASE\spring-context-5.1.9.RELEASE.jar;D:\repository-ye\org\springframework\security\spring-security-web\5.1.6.RELEASE\spring-security-web-5.1.6.RELEASE.jar;D:\repository-ye\org\springframework\spring-expression\5.1.9.RELEASE\spring-expression-5.1.9.RELEASE.jar;D:\repository-ye\org\springframework\boot\spring-boot-starter-web\2.1.7.RELEASE\spring-boot-starter-web-2.1.7.RELEASE.jar;D:\repository-ye\org\springframework\boot\spring-boot-starter-json\2.1.7.RELEASE\spring-boot-starter-json-2.1.7.RELEASE.jar;D:\repository-ye\com\fasterxml\jackson\core\jackson-databind\2.9.9\jackson-databind-2.9.9.jar;D:\repository-ye\com\fasterxml\jackson\core\jackson-annotations\2.9.0\jackson-annotations-2.9.0.jar;D:\repository-ye\com\fasterxml\jackson\core\jackson-core\2.9.9\jackson-core-2.9.9.jar;D:\repository-ye\com\fasterxml\jackson\datatype\jackson-datatype-jdk8\2.9.9\jackson-datatype-jdk8-2.9.9.jar;D:\repository-ye\com\fasterxml\jackson\datatype\jackson-datatype-jsr310\2.9.9\jackson-datatype-jsr310-2.9.9.jar;D:\repository-ye\com\fasterxml\jackson\module\jackson-module-parameter-names\2.9.9\jackson-module-parameter-names-2.9.9.jar;D:\repository-ye\org\springframework\boot\spring-boot-starter-tomcat\2.1.7.RELEASE\spring-boot-starter-tomcat-2.1.7.RELEASE.jar;D:\repository-ye\org\apache\tomcat\embed\tomcat-embed-core\9.0.22\tomcat-embed-core-9.0.22.jar;D:\repository-ye\org\apache\tomcat\embed\tomcat-embed-el\9.0.22\tomcat-embed-el-9.0.22.jar;D:\repository-ye\org\apache\tomcat\embed\tomcat-embed-websocket\9.0.22\tomcat-embed-websocket-9.0.22.jar;D:\repository-ye\org\hibernate\validator\hibernate-validator\6.0.17.Final\hibernate-validator-6.0.17.Final.jar;D:\repository-ye\javax\validation\validation-api\2.0.1.Final\validation-api-2.0.1.Final.jar;D:\repository-ye\org\jboss\logging\jboss-logging\3.3.2.Final\jboss-logging-3.3.2.Final.jar;D:\repository-ye\com\fasterxml\classmate\1.4.0\classmate-1.4.0.jar;D:\repository-ye\org\springframework\spring-web\5.1.9.RELEASE\spring-web-5.1.9.RELEASE.jar;D:\repository-ye\org\springframework\spring-webmvc\5.1.9.RELEASE\spring-webmvc-5.1.9.RELEASE.jar;D:\repository-ye\org\mybatis\spring\boot\mybatis-spring-boot-starter\2.1.0\mybatis-spring-boot-starter-2.1.0.jar;D:\repository-ye\org\springframework\boot\spring-boot-starter-jdbc\2.1.7.RELEASE\spring-boot-starter-jdbc-2.1.7.RELEASE.jar;D:\repository-ye\com\zaxxer\HikariCP\3.2.0\HikariCP-3.2.0.jar;D:\repository-ye\org\springframework\spring-jdbc\5.1.9.RELEASE\spring-jdbc-5.1.9.RELEASE.jar;D:\repository-ye\org\mybatis\spring\boot\mybatis-spring-boot-autoconfigure\2.1.0\mybatis-spring-boot-autoconfigure-2.1.0.jar;D:\repository-ye\org\mybatis\mybatis\3.5.2\mybatis-3.5.2.jar;D:\repository-ye\org\mybatis\mybatis-spring\2.0.2\mybatis-spring-2.0.2.jar;D:\repository-ye\mysql\mysql-connector-java\8.0.17\mysql-connector-java-8.0.17.jar;D:\repository-ye\org\springframework\boot\spring-boot-starter-test\2.1.7.RELEASE\spring-boot-starter-test-2.1.7.RELEASE.jar;D:\repository-ye\org\springframework\boot\spring-boot-test\2.1.7.RELEASE\spring-boot-test-2.1.7.RELEASE.jar;D:\repository-ye\org\springframework\boot\spring-boot-test-autoconfigure\2.1.7.RELEASE\spring-boot-test-autoconfigure-2.1.7.RELEASE.jar;D:\repository-ye\com\jayway\jsonpath\json-path\2.4.0\json-path-2.4.0.jar;D:\repository-ye\net\minidev\json-smart\2.3\json-smart-2.3.jar;D:\repository-ye\net\minidev\accessors-smart\1.2\accessors-smart-1.2.jar;D:\repository-ye\org\ow2\asm\asm\5.0.4\asm-5.0.4.jar;D:\repository-ye\org\assertj\assertj-core\3.11.1\assertj-core-3.11.1.jar;D:\repository-ye\org\mockito\mockito-core\2.23.4\mockito-core-2.23.4.jar;D:\repository-ye\net\bytebuddy\byte-buddy\1.9.16\byte-buddy-1.9.16.jar;D:\repository-ye\net\bytebuddy\byte-buddy-agent\1.9.16\byte-buddy-agent-1.9.16.jar;D:\repository-ye\org\objenesis\objenesis\2.6\objenesis-2.6.jar;D:\repository-ye\org\hamcrest\hamcrest-library\1.3\hamcrest-library-1.3.jar;D:\repository-ye\org\skyscreamer\jsonassert\1.5.0\jsonassert-1.5.0.jar;D:\repository-ye\com\vaadin\external\google\android-json\0.0.20131108.vaadin1\android-json-0.0.20131108.vaadin1.jar;D:\repository-ye\org\springframework\spring-core\5.1.9.RELEASE\spring-core-5.1.9.RELEASE.jar;D:\repository-ye\org\springframework\spring-jcl\5.1.9.RELEASE\spring-jcl-5.1.9.RELEASE.jar;D:\repository-ye\org\springframework\spring-test\5.1.9.RELEASE\spring-test-5.1.9.RELEASE.jar;D:\repository-ye\org\xmlunit\xmlunit-core\2.6.3\xmlunit-core-2.6.3.jar;D:\repository-ye\org\springframework\security\spring-security-test\5.1.6.RELEASE\spring-security-test-5.1.6.RELEASE.jar;D:\repository-ye\org\springframework\security\spring-security-core\5.1.6.RELEASE\spring-security-core-5.1.6.RELEASE.jar;D:\repository-ye\org\projectlombok\lombok\1.18.8\lombok-1.18.8.jar;D:\repository-ye\com\github\binarywang\weixin-java-mp\3.4.0\weixin-java-mp-3.4.0.jar;D:\repository-ye\com\github\binarywang\weixin-java-common\3.4.0\weixin-java-common-3.4.0.jar;D:\repository-ye\com\thoughtworks\xstream\xstream\1.4.10\xstream-1.4.10.jar;D:\repository-ye\xmlpull\xmlpull\1.1.3.1\xmlpull-1.1.3.1.jar;D:\repository-ye\xpp3\xpp3_min\1.1.4c\xpp3_min-1.1.4c.jar;D:\repository-ye\org\apache\httpcomponents\httpclient\4.5.9\httpclient-4.5.9.jar;D:\repository-ye\org\apache\httpcomponents\httpcore\4.4.11\httpcore-4.4.11.jar;D:\repository-ye\org\apache\httpcomponents\httpmime\4.5.9\httpmime-4.5.9.jar;D:\repository-ye\org\slf4j\jcl-over-slf4j\1.7.26\jcl-over-slf4j-1.7.26.jar;D:\repository-ye\com\google\code\gson\gson\2.8.5\gson-2.8.5.jar;D:\repository-ye\commons-codec\commons-codec\1.11\commons-codec-1.11.jar;D:\repository-ye\commons-io\commons-io\2.5\commons-io-2.5.jar;D:\repository-ye\org\apache\commons\commons-lang3\3.8.1\commons-lang3-3.8.1.jar;D:\repository-ye\com\google\guava\guava\20.0\guava-20.0.jar;D:\repository-ye\org\dom4j\dom4j\2.1.1\dom4j-2.1.1.jar;D:\repository-ye\org\springframework\boot\spring-boot-configuration-processor\2.1.7.RELEASE\spring-boot-configuration-processor-2.1.7.RELEASE.jar;D:\repository-ye\com\google\zxing\core\3.3.0\core-3.3.0.jar;D:\repository-ye\com\google\zxing\javase\3.3.0\javase-3.3.0.jar;D:\repository-ye\com\beust\jcommander\1.48\jcommander-1.48.jar;D:\repository-ye\com\github\jai-imageio\jai-imageio-core\1.3.1\jai-imageio-core-1.3.1.jar;D:\repository-ye\org\springframework\boot\spring-boot-devtools\2.1.7.RELEASE\spring-boot-devtools-2.1.7.RELEASE.jar;D:\repository-ye\org\springframework\boot\spring-boot\2.1.7.RELEASE\spring-boot-2.1.7.RELEASE.jar;D:\repository-ye\org\springframework\boot\spring-boot-autoconfigure\2.1.7.RELEASE\spring-boot-autoconfigure-2.1.7.RELEASE.jar;D:\repository-ye\org\junit\jupiter\junit-jupiter-api\5.5.0\junit-jupiter-api-5.5.0.jar;D:\repository-ye\org\apiguardian\apiguardian-api\1.1.0\apiguardian-api-1.1.0.jar;D:\repository-ye\org\opentest4j\opentest4j\1.2.0\opentest4j-1.2.0.jar;D:\repository-ye\org\junit\platform\junit-platform-commons\1.3.2\junit-platform-commons-1.3.2.jar;D:\repository-ye\com\alibaba\fastjson\1.2.61\fastjson-1.2.61.jar;"/>
    <property name="java.vm.vendor" value="Oracle Corporation"/>
    <property name="sun.arch.data.model" value="64"/>
    <property name="user.variant" value=""/>
    <property name="java.vendor.url" value="http://java.oracle.com/"/>
    <property name="user.timezone" value="Asia/Shanghai"/>
    <property name="java.vm.specification.version" value="1.8"/>
    <property name="os.name" value="Windows 10"/>
    <property name="user.country" value="CN"/>
    <property name="sun.java.launcher" value="SUN_STANDARD"/>
    <property name="sun.boot.library.path" value="C:\Program Files\Java\jdk1.8.0_181\jre\bin"/>
    <property name="sun.java.command" value="C:\Users\yehong\AppData\Local\Temp\surefire4596311397972505460\surefirebooter5556664140730855721.jar C:\Users\yehong\AppData\Local\Temp\surefire4596311397972505460 2019-10-24T17-36-35_885-jvmRun1 surefire573550026699038382tmp surefire_01497370907098152958tmp"/>
    <property name="surefire.test.class.path" value="G:\SVN\VisitorSys\target\test-classes;G:\SVN\VisitorSys\target\classes;D:\repository-ye\org\springframework\boot\spring-boot-starter-data-redis\2.1.7.RELEASE\spring-boot-starter-data-redis-2.1.7.RELEASE.jar;D:\repository-ye\org\springframework\boot\spring-boot-starter\2.1.7.RELEASE\spring-boot-starter-2.1.7.RELEASE.jar;D:\repository-ye\org\springframework\boot\spring-boot-starter-logging\2.1.7.RELEASE\spring-boot-starter-logging-2.1.7.RELEASE.jar;D:\repository-ye\ch\qos\logback\logback-classic\1.2.3\logback-classic-1.2.3.jar;D:\repository-ye\ch\qos\logback\logback-core\1.2.3\logback-core-1.2.3.jar;D:\repository-ye\org\apache\logging\log4j\log4j-to-slf4j\2.11.2\log4j-to-slf4j-2.11.2.jar;D:\repository-ye\org\apache\logging\log4j\log4j-api\2.11.2\log4j-api-2.11.2.jar;D:\repository-ye\org\slf4j\jul-to-slf4j\1.7.26\jul-to-slf4j-1.7.26.jar;D:\repository-ye\javax\annotation\javax.annotation-api\1.3.2\javax.annotation-api-1.3.2.jar;D:\repository-ye\org\yaml\snakeyaml\1.23\snakeyaml-1.23.jar;D:\repository-ye\org\springframework\data\spring-data-redis\2.1.10.RELEASE\spring-data-redis-2.1.10.RELEASE.jar;D:\repository-ye\org\springframework\data\spring-data-keyvalue\2.1.10.RELEASE\spring-data-keyvalue-2.1.10.RELEASE.jar;D:\repository-ye\org\springframework\data\spring-data-commons\2.1.10.RELEASE\spring-data-commons-2.1.10.RELEASE.jar;D:\repository-ye\org\springframework\spring-tx\5.1.9.RELEASE\spring-tx-5.1.9.RELEASE.jar;D:\repository-ye\org\springframework\spring-oxm\5.1.9.RELEASE\spring-oxm-5.1.9.RELEASE.jar;D:\repository-ye\org\springframework\spring-context-support\5.1.9.RELEASE\spring-context-support-5.1.9.RELEASE.jar;D:\repository-ye\org\slf4j\slf4j-api\1.7.26\slf4j-api-1.7.26.jar;D:\repository-ye\io\lettuce\lettuce-core\5.1.8.RELEASE\lettuce-core-5.1.8.RELEASE.jar;D:\repository-ye\io\netty\netty-common\4.1.38.Final\netty-common-4.1.38.Final.jar;D:\repository-ye\io\netty\netty-handler\4.1.38.Final\netty-handler-4.1.38.Final.jar;D:\repository-ye\io\netty\netty-buffer\4.1.38.Final\netty-buffer-4.1.38.Final.jar;D:\repository-ye\io\netty\netty-codec\4.1.38.Final\netty-codec-4.1.38.Final.jar;D:\repository-ye\io\netty\netty-transport\4.1.38.Final\netty-transport-4.1.38.Final.jar;D:\repository-ye\io\netty\netty-resolver\4.1.38.Final\netty-resolver-4.1.38.Final.jar;D:\repository-ye\io\projectreactor\reactor-core\3.2.11.RELEASE\reactor-core-3.2.11.RELEASE.jar;D:\repository-ye\org\reactivestreams\reactive-streams\1.0.2\reactive-streams-1.0.2.jar;D:\repository-ye\org\springframework\boot\spring-boot-starter-thymeleaf\2.1.7.RELEASE\spring-boot-starter-thymeleaf-2.1.7.RELEASE.jar;D:\repository-ye\org\thymeleaf\thymeleaf-spring5\3.0.11.RELEASE\thymeleaf-spring5-3.0.11.RELEASE.jar;D:\repository-ye\org\thymeleaf\thymeleaf\3.0.11.RELEASE\thymeleaf-3.0.11.RELEASE.jar;D:\repository-ye\org\attoparser\attoparser\2.0.5.RELEASE\attoparser-2.0.5.RELEASE.jar;D:\repository-ye\org\unbescape\unbescape\1.1.6.RELEASE\unbescape-1.1.6.RELEASE.jar;D:\repository-ye\org\thymeleaf\extras\thymeleaf-extras-java8time\3.0.4.RELEASE\thymeleaf-extras-java8time-3.0.4.RELEASE.jar;D:\repository-ye\junit\junit\4.12\junit-4.12.jar;D:\repository-ye\org\hamcrest\hamcrest-core\1.3\hamcrest-core-1.3.jar;D:\repository-ye\org\springframework\boot\spring-boot-starter-security\2.1.7.RELEASE\spring-boot-starter-security-2.1.7.RELEASE.jar;D:\repository-ye\org\springframework\spring-aop\5.1.9.RELEASE\spring-aop-5.1.9.RELEASE.jar;D:\repository-ye\org\springframework\spring-beans\5.1.9.RELEASE\spring-beans-5.1.9.RELEASE.jar;D:\repository-ye\org\springframework\security\spring-security-config\5.1.6.RELEASE\spring-security-config-5.1.6.RELEASE.jar;D:\repository-ye\org\springframework\spring-context\5.1.9.RELEASE\spring-context-5.1.9.RELEASE.jar;D:\repository-ye\org\springframework\security\spring-security-web\5.1.6.RELEASE\spring-security-web-5.1.6.RELEASE.jar;D:\repository-ye\org\springframework\spring-expression\5.1.9.RELEASE\spring-expression-5.1.9.RELEASE.jar;D:\repository-ye\org\springframework\boot\spring-boot-starter-web\2.1.7.RELEASE\spring-boot-starter-web-2.1.7.RELEASE.jar;D:\repository-ye\org\springframework\boot\spring-boot-starter-json\2.1.7.RELEASE\spring-boot-starter-json-2.1.7.RELEASE.jar;D:\repository-ye\com\fasterxml\jackson\core\jackson-databind\2.9.9\jackson-databind-2.9.9.jar;D:\repository-ye\com\fasterxml\jackson\core\jackson-annotations\2.9.0\jackson-annotations-2.9.0.jar;D:\repository-ye\com\fasterxml\jackson\core\jackson-core\2.9.9\jackson-core-2.9.9.jar;D:\repository-ye\com\fasterxml\jackson\datatype\jackson-datatype-jdk8\2.9.9\jackson-datatype-jdk8-2.9.9.jar;D:\repository-ye\com\fasterxml\jackson\datatype\jackson-datatype-jsr310\2.9.9\jackson-datatype-jsr310-2.9.9.jar;D:\repository-ye\com\fasterxml\jackson\module\jackson-module-parameter-names\2.9.9\jackson-module-parameter-names-2.9.9.jar;D:\repository-ye\org\springframework\boot\spring-boot-starter-tomcat\2.1.7.RELEASE\spring-boot-starter-tomcat-2.1.7.RELEASE.jar;D:\repository-ye\org\apache\tomcat\embed\tomcat-embed-core\9.0.22\tomcat-embed-core-9.0.22.jar;D:\repository-ye\org\apache\tomcat\embed\tomcat-embed-el\9.0.22\tomcat-embed-el-9.0.22.jar;D:\repository-ye\org\apache\tomcat\embed\tomcat-embed-websocket\9.0.22\tomcat-embed-websocket-9.0.22.jar;D:\repository-ye\org\hibernate\validator\hibernate-validator\6.0.17.Final\hibernate-validator-6.0.17.Final.jar;D:\repository-ye\javax\validation\validation-api\2.0.1.Final\validation-api-2.0.1.Final.jar;D:\repository-ye\org\jboss\logging\jboss-logging\3.3.2.Final\jboss-logging-3.3.2.Final.jar;D:\repository-ye\com\fasterxml\classmate\1.4.0\classmate-1.4.0.jar;D:\repository-ye\org\springframework\spring-web\5.1.9.RELEASE\spring-web-5.1.9.RELEASE.jar;D:\repository-ye\org\springframework\spring-webmvc\5.1.9.RELEASE\spring-webmvc-5.1.9.RELEASE.jar;D:\repository-ye\org\mybatis\spring\boot\mybatis-spring-boot-starter\2.1.0\mybatis-spring-boot-starter-2.1.0.jar;D:\repository-ye\org\springframework\boot\spring-boot-starter-jdbc\2.1.7.RELEASE\spring-boot-starter-jdbc-2.1.7.RELEASE.jar;D:\repository-ye\com\zaxxer\HikariCP\3.2.0\HikariCP-3.2.0.jar;D:\repository-ye\org\springframework\spring-jdbc\5.1.9.RELEASE\spring-jdbc-5.1.9.RELEASE.jar;D:\repository-ye\org\mybatis\spring\boot\mybatis-spring-boot-autoconfigure\2.1.0\mybatis-spring-boot-autoconfigure-2.1.0.jar;D:\repository-ye\org\mybatis\mybatis\3.5.2\mybatis-3.5.2.jar;D:\repository-ye\org\mybatis\mybatis-spring\2.0.2\mybatis-spring-2.0.2.jar;D:\repository-ye\mysql\mysql-connector-java\8.0.17\mysql-connector-java-8.0.17.jar;D:\repository-ye\org\springframework\boot\spring-boot-starter-test\2.1.7.RELEASE\spring-boot-starter-test-2.1.7.RELEASE.jar;D:\repository-ye\org\springframework\boot\spring-boot-test\2.1.7.RELEASE\spring-boot-test-2.1.7.RELEASE.jar;D:\repository-ye\org\springframework\boot\spring-boot-test-autoconfigure\2.1.7.RELEASE\spring-boot-test-autoconfigure-2.1.7.RELEASE.jar;D:\repository-ye\com\jayway\jsonpath\json-path\2.4.0\json-path-2.4.0.jar;D:\repository-ye\net\minidev\json-smart\2.3\json-smart-2.3.jar;D:\repository-ye\net\minidev\accessors-smart\1.2\accessors-smart-1.2.jar;D:\repository-ye\org\ow2\asm\asm\5.0.4\asm-5.0.4.jar;D:\repository-ye\org\assertj\assertj-core\3.11.1\assertj-core-3.11.1.jar;D:\repository-ye\org\mockito\mockito-core\2.23.4\mockito-core-2.23.4.jar;D:\repository-ye\net\bytebuddy\byte-buddy\1.9.16\byte-buddy-1.9.16.jar;D:\repository-ye\net\bytebuddy\byte-buddy-agent\1.9.16\byte-buddy-agent-1.9.16.jar;D:\repository-ye\org\objenesis\objenesis\2.6\objenesis-2.6.jar;D:\repository-ye\org\hamcrest\hamcrest-library\1.3\hamcrest-library-1.3.jar;D:\repository-ye\org\skyscreamer\jsonassert\1.5.0\jsonassert-1.5.0.jar;D:\repository-ye\com\vaadin\external\google\android-json\0.0.20131108.vaadin1\android-json-0.0.20131108.vaadin1.jar;D:\repository-ye\org\springframework\spring-core\5.1.9.RELEASE\spring-core-5.1.9.RELEASE.jar;D:\repository-ye\org\springframework\spring-jcl\5.1.9.RELEASE\spring-jcl-5.1.9.RELEASE.jar;D:\repository-ye\org\springframework\spring-test\5.1.9.RELEASE\spring-test-5.1.9.RELEASE.jar;D:\repository-ye\org\xmlunit\xmlunit-core\2.6.3\xmlunit-core-2.6.3.jar;D:\repository-ye\org\springframework\security\spring-security-test\5.1.6.RELEASE\spring-security-test-5.1.6.RELEASE.jar;D:\repository-ye\org\springframework\security\spring-security-core\5.1.6.RELEASE\spring-security-core-5.1.6.RELEASE.jar;D:\repository-ye\org\projectlombok\lombok\1.18.8\lombok-1.18.8.jar;D:\repository-ye\com\github\binarywang\weixin-java-mp\3.4.0\weixin-java-mp-3.4.0.jar;D:\repository-ye\com\github\binarywang\weixin-java-common\3.4.0\weixin-java-common-3.4.0.jar;D:\repository-ye\com\thoughtworks\xstream\xstream\1.4.10\xstream-1.4.10.jar;D:\repository-ye\xmlpull\xmlpull\1.1.3.1\xmlpull-1.1.3.1.jar;D:\repository-ye\xpp3\xpp3_min\1.1.4c\xpp3_min-1.1.4c.jar;D:\repository-ye\org\apache\httpcomponents\httpclient\4.5.9\httpclient-4.5.9.jar;D:\repository-ye\org\apache\httpcomponents\httpcore\4.4.11\httpcore-4.4.11.jar;D:\repository-ye\org\apache\httpcomponents\httpmime\4.5.9\httpmime-4.5.9.jar;D:\repository-ye\org\slf4j\jcl-over-slf4j\1.7.26\jcl-over-slf4j-1.7.26.jar;D:\repository-ye\com\google\code\gson\gson\2.8.5\gson-2.8.5.jar;D:\repository-ye\commons-codec\commons-codec\1.11\commons-codec-1.11.jar;D:\repository-ye\commons-io\commons-io\2.5\commons-io-2.5.jar;D:\repository-ye\org\apache\commons\commons-lang3\3.8.1\commons-lang3-3.8.1.jar;D:\repository-ye\com\google\guava\guava\20.0\guava-20.0.jar;D:\repository-ye\org\dom4j\dom4j\2.1.1\dom4j-2.1.1.jar;D:\repository-ye\org\springframework\boot\spring-boot-configuration-processor\2.1.7.RELEASE\spring-boot-configuration-processor-2.1.7.RELEASE.jar;D:\repository-ye\com\google\zxing\core\3.3.0\core-3.3.0.jar;D:\repository-ye\com\google\zxing\javase\3.3.0\javase-3.3.0.jar;D:\repository-ye\com\beust\jcommander\1.48\jcommander-1.48.jar;D:\repository-ye\com\github\jai-imageio\jai-imageio-core\1.3.1\jai-imageio-core-1.3.1.jar;D:\repository-ye\org\springframework\boot\spring-boot-devtools\2.1.7.RELEASE\spring-boot-devtools-2.1.7.RELEASE.jar;D:\repository-ye\org\springframework\boot\spring-boot\2.1.7.RELEASE\spring-boot-2.1.7.RELEASE.jar;D:\repository-ye\org\springframework\boot\spring-boot-autoconfigure\2.1.7.RELEASE\spring-boot-autoconfigure-2.1.7.RELEASE.jar;D:\repository-ye\org\junit\jupiter\junit-jupiter-api\5.5.0\junit-jupiter-api-5.5.0.jar;D:\repository-ye\org\apiguardian\apiguardian-api\1.1.0\apiguardian-api-1.1.0.jar;D:\repository-ye\org\opentest4j\opentest4j\1.2.0\opentest4j-1.2.0.jar;D:\repository-ye\org\junit\platform\junit-platform-commons\1.3.2\junit-platform-commons-1.3.2.jar;D:\repository-ye\com\alibaba\fastjson\1.2.61\fastjson-1.2.61.jar;"/>
    <property name="sun.cpu.endian" value="little"/>
    <property name="user.home" value="C:\Users\yehong"/>
    <property name="user.language" value="zh"/>
    <property name="java.specification.vendor" value="Oracle Corporation"/>
    <property name="java.home" value="C:\Program Files\Java\jdk1.8.0_181\jre"/>
    <property name="basedir" value="G:\SVN\VisitorSys"/>
    <property name="file.separator" value="\"/>
    <property name="line.separator" value="&#10;"/>
    <property name="java.vm.specification.vendor" value="Oracle Corporation"/>
    <property name="java.specification.name" value="Java Platform API Specification"/>
    <property name="java.awt.graphicsenv" value="sun.awt.Win32GraphicsEnvironment"/>
    <property name="surefire.real.class.path" value="C:\Users\yehong\AppData\Local\Temp\surefire4596311397972505460\surefirebooter5556664140730855721.jar"/>
    <property name="sun.boot.class.path" value="C:\Program Files\Java\jdk1.8.0_181\jre\lib\resources.jar;C:\Program Files\Java\jdk1.8.0_181\jre\lib\rt.jar;C:\Program Files\Java\jdk1.8.0_181\jre\lib\sunrsasign.jar;C:\Program Files\Java\jdk1.8.0_181\jre\lib\jsse.jar;C:\Program Files\Java\jdk1.8.0_181\jre\lib\jce.jar;C:\Program Files\Java\jdk1.8.0_181\jre\lib\charsets.jar;C:\Program Files\Java\jdk1.8.0_181\jre\lib\jfr.jar;C:\Program Files\Java\jdk1.8.0_181\jre\classes"/>
    <property name="user.script" value=""/>
    <property name="sun.management.compiler" value="HotSpot 64-Bit Tiered Compilers"/>
    <property name="java.runtime.version" value="1.8.0_181-b13"/>
    <property name="user.name" value="yehong"/>
    <property name="path.separator" value=";"/>
    <property name="os.version" value="10.0"/>
    <property name="java.endorsed.dirs" value="C:\Program Files\Java\jdk1.8.0_181\jre\lib\endorsed"/>
    <property name="java.runtime.name" value="Java(TM) SE Runtime Environment"/>
    <property name="file.encoding" value="GBK"/>
    <property name="java.vm.name" value="Java HotSpot(TM) 64-Bit Server VM"/>
    <property name="localRepository" value="D:\repository-ye"/>
    <property name="java.vendor.url.bug" value="http://bugreport.sun.com/bugreport/"/>
    <property name="java.io.tmpdir" value="C:\Users\yehong\AppData\Local\Temp\"/>
    <property name="idea.version" value="2017.2"/>
    <property name="java.version" value="1.8.0_181"/>
    <property name="user.dir" value="G:\SVN\VisitorSys"/>
    <property name="os.arch" value="amd64"/>
    <property name="java.vm.specification.name" value="Java Virtual Machine Specification"/>
    <property name="java.awt.printerjob" value="sun.awt.windows.WPrinterJob"/>
    <property name="sun.os.patch.level" value=""/>
    <property name="java.library.path" value="C:\Program Files\Java\jdk1.8.0_181\jre\bin;C:\WINDOWS\Sun\Java\bin;C:\WINDOWS\system32;C:\WINDOWS;C:\Program Files (x86)\NetSarang\Xftp 6\;C:\Program Files (x86)\NetSarang\Xshell 6\;C:\Program Files (x86)\Common Files\Oracle\Java\javapath;C:\WINDOWS\system32;C:\WINDOWS;C:\WINDOWS\System32\Wbem;C:\WINDOWS\System32\WindowsPowerShell\v1.0\;%JAVA_HOME%\bin;%JAVA_HOME%\jre\bin;C:\Program Files\MySQL\MySQL Server 8.0\bin;&quot;D:\Java\apache-tomcat-8.5.43\apache-tomcat-8.5.43\lib;D:\Java\apache-tomcat-8.5.43\apache-tomcat-8.5.43\bin&quot;;C:\WINDOWS\System32\OpenSSH\;D:\Java\apache-maven-3.6.1\bin;C:\Program Files (x86)\Subversion\bin;C:\Program Files\TortoiseSVN\bin;D:\PHP\php\php-7.1.30;C:\ProgramData\ComposerSetup\bin;D:\android-studio\android-sdk-windows\tools;C:\Program Files\nodejs\;C:\Program Files\Git\cmd;C:\Users\yehong\AppData\Local\Programs\Python\Python37\Scripts\;C:\Users\yehong\AppData\Local\Programs\Python\Python37\;C:\Users\yehong\AppData\Local\Microsoft\WindowsApps;C:\Users\yehong\AppData\Roaming\Composer\vendor\bin;C:\Program Files\JetBrains\PyCharm 2019.2.1\bin;;D:\android-studio\android-sdk-windows\platform-tools;C:\Users\yehong\AppData\Roaming\npm;."/>
    <property name="java.vm.info" value="mixed mode"/>
    <property name="java.vendor" value="Oracle Corporation"/>
    <property name="java.vm.version" value="25.181-b13"/>
    <property name="java.ext.dirs" value="C:\Program Files\Java\jdk1.8.0_181\jre\lib\ext;C:\WINDOWS\Sun\Java\lib\ext"/>
    <property name="sun.io.unicode.encoding" value="UnicodeLittle"/>
    <property name="java.class.version" value="52.0"/>
  </properties>
  <testcase name="testMd5" classname="com.chinameyer.visitor.VisitorApplicationTests" time="0.709"/>
</testsuite>